<?xml version="1.0" encoding="utf-8"?><testsuites name="pytest tests"><testsuite name="pytest" errors="0" failures="0" skipped="0" tests="18" time="4.472" timestamp="2026-03-31T14:10:28.926620+00:00" hostname="agent-env-92652f06-58b0-4a44-a590-7e0b8a799b71"><testcase classname="tests.test_iteration_28.TestAuth" name="test_renter_login" time="0.404" /><testcase classname="tests.test_iteration_28.TestAuth" name="test_landlord_login" time="0.377" /><testcase classname="tests.test_iteration_28.TestAuth" name="test_invalid_login" time="0.147" /><testcase classname="tests.test_iteration_28.TestVirtualStagingAPI" name="test_get_staging_styles" time="0.104" /><testcase classname="tests.test_iteration_28.TestVirtualStagingAPI" name="test_get_staging_history" time="0.163" /><testcase classname="tests.test_iteration_28.TestNotificationsAPI" name="test_get_notifications" time="0.138" /><testcase classname="tests.test_iteration_28.TestNotificationsAPI" name="test_get_unread_count" time="0.142" /><testcase classname="tests.test_iteration_28.TestNotificationsAPI" name="test_mark_all_read" time="0.147" /><testcase classname="tests.test_iteration_28.TestAnalyticsExportAPI" name="test_export_csv_overview" time="0.294" /><testcase classname="tests.test_iteration_28.TestAnalyticsExportAPI" name="test_export_csv_payments" time="0.154" /><testcase classname="tests.test_iteration_28.TestAnalyticsExportAPI" name="test_export_json_overview" time="0.293" /><testcase classname="tests.test_iteration_28.TestCreditCheckAPI" name="test_credit_check_request" time="0.931" /><testcase classname="tests.test_iteration_28.TestCreditCheckAPI" name="test_credit_check_without_consent" time="0.124" /><testcase classname="tests.test_iteration_28.TestWebPushAPI" name="test_get_vapid_public_key" time="0.108" /><testcase classname="tests.test_iteration_28.TestListingsAPI" name="test_get_listings" time="0.171" /><testcase classname="tests.test_iteration_28.TestListingsAPI" name="test_get_listings_filtered" time="0.164" /><testcase classname="tests.test_iteration_28.TestContractorsAPI" name="test_search_contractors" time="0.378" /><testcase classname="tests.test_iteration_28.TestContractorsAPI" name="test_search_contractors_with_specialty" time="0.172" /></testsuite></testsuites>