<?xml version="1.0" encoding="utf-8"?><testsuites name="pytest tests"><testsuite name="pytest" errors="0" failures="0" skipped="0" tests="10" time="7.967" timestamp="2026-03-31T04:59:46.349014+00:00" hostname="agent-env-4aba2332-fd78-4836-ae70-2bd1b07df4dd"><testcase classname="backend.tests.test_iteration_25.TestAIPropertyValuation" name="test_property_valuation_returns_estimated_rent" time="5.973" /><testcase classname="backend.tests.test_iteration_25.TestNeighborhoodComparison" name="test_neighborhood_comparison_returns_array" time="0.224" /><testcase classname="backend.tests.test_iteration_25.TestSmartRentPricing" name="test_smart_rent_pricing_returns_suggested_rent" time="0.132" /><testcase classname="backend.tests.test_iteration_25.TestNotifications" name="test_get_notifications_returns_array" time="0.484" /><testcase classname="backend.tests.test_iteration_25.TestPaymentHistory" name="test_get_payment_history_returns_array" time="0.135" /><testcase classname="backend.tests.test_iteration_25.TestSchedulerEndpoints" name="test_run_reminders_with_admin_key" time="0.209" /><testcase classname="backend.tests.test_iteration_25.TestSchedulerEndpoints" name="test_run_invoices_with_admin_key" time="0.133" /><testcase classname="backend.tests.test_iteration_25.TestSchedulerEndpoints" name="test_scheduler_rejects_invalid_admin_key" time="0.099" /><testcase classname="backend.tests.test_iteration_25.TestExistingEndpoints" name="test_listings_endpoint" time="0.176" /><testcase classname="backend.tests.test_iteration_25.TestExistingEndpoints" name="test_auth_login" time="0.371" /></testsuite></testsuites>