<?xml version="1.0" encoding="utf-8"?><testsuites name="pytest tests"><testsuite name="pytest" errors="0" failures="0" skipped="4" tests="19" time="15.203" timestamp="2026-04-07T23:11:10.883180+00:00" hostname="agent-env-92652f06-58b0-4a44-a590-7e0b8a799b71"><testcase classname="backend.tests.test_iteration_29.TestAuth" name="test_renter_login" time="2.880" /><testcase classname="backend.tests.test_iteration_29.TestAuth" name="test_landlord_login" time="0.400" /><testcase classname="backend.tests.test_iteration_29.TestAuth" name="test_invalid_login" time="0.146" /><testcase classname="backend.tests.test_iteration_29.TestListings" name="test_get_listings" time="0.150" /><testcase classname="backend.tests.test_iteration_29.TestListings" name="test_get_listings_by_type_rent" time="0.169" /><testcase classname="backend.tests.test_iteration_29.TestListings" name="test_get_listings_by_type_sale" time="0.152" /><testcase classname="backend.tests.test_iteration_29.TestAIDescriptionGenerator" name="test_generate_description_requires_api_key" time="6.890" /><testcase classname="backend.tests.test_iteration_29.TestShareLinks" name="test_get_share_links" time="0.294" /><testcase classname="backend.tests.test_iteration_29.TestShareLinks" name="test_share_links_invalid_listing" time="0.155" /><testcase classname="backend.tests.test_iteration_29.TestFlexiblePricing" name="test_set_flexible_pricing" time="0.512"><skipped type="pytest.skip" message="No landlord listings available">/app/backend/tests/test_iteration_29.py:193: No landlord listings available</skipped></testcase><testcase classname="backend.tests.test_iteration_29.TestFlexiblePricing" name="test_get_flexible_pricing" time="0.520"><skipped type="pytest.skip" message="No landlord listings available">/app/backend/tests/test_iteration_29.py:212: No landlord listings available</skipped></testcase><testcase classname="backend.tests.test_iteration_29.TestCampaigns" name="test_get_campaign_pricing" time="0.132" /><testcase classname="backend.tests.test_iteration_29.TestCampaigns" name="test_create_campaign" time="0.581"><skipped type="pytest.skip" message="No landlord listings available">/app/backend/tests/test_iteration_29.py:263: No landlord listings available</skipped></testcase><testcase classname="backend.tests.test_iteration_29.TestCampaigns" name="test_get_landlord_campaigns" time="0.601"><skipped type="pytest.skip" message="No landlord listings available">/app/backend/tests/test_iteration_29.py:285: No landlord listings available</skipped></testcase><testcase classname="backend.tests.test_iteration_29.TestContractorCredits" name="test_get_credit_balance" time="0.572" /><testcase classname="backend.tests.test_iteration_29.TestContractorCredits" name="test_get_credit_pricing" time="0.112" /><testcase classname="backend.tests.test_iteration_29.TestContractorCredits" name="test_purchase_credits" time="0.605" /><testcase classname="backend.tests.test_iteration_29.TestNavigationConstraints" name="test_listings_endpoint_works" time="0.138" /><testcase classname="backend.tests.test_iteration_29.TestNavigationConstraints" name="test_lease_assignments_endpoint_works" time="0.138" /></testsuite></testsuites>