<?xml version="1.0" encoding="utf-8"?><testsuites name="pytest tests"><testsuite name="pytest" errors="0" failures="0" skipped="0" tests="24" time="37.290" timestamp="2026-02-19T05:45:31.804193+00:00" hostname="agent-env-3d71ccea-24e1-4087-ae57-fd9f85e2d08d"><testcase classname="backend.tests.test_dommma_v2.TestAPIHealth" name="test_api_root" time="0.201" /><testcase classname="backend.tests.test_dommma_v2.TestAPIHealth" name="test_seed_data" time="0.148" /><testcase classname="backend.tests.test_dommma_v2.TestAuthFlow" name="test_login_renter" time="0.157" /><testcase classname="backend.tests.test_dommma_v2.TestAuthFlow" name="test_login_landlord" time="0.113" /><testcase classname="backend.tests.test_dommma_v2.TestAuthFlow" name="test_login_contractor" time="0.128" /><testcase classname="backend.tests.test_dommma_v2.TestListings" name="test_get_listings" time="0.170" /><testcase classname="backend.tests.test_dommma_v2.TestListings" name="test_filter_listings_by_city" time="0.118" /><testcase classname="backend.tests.test_dommma_v2.TestListings" name="test_filter_pet_friendly" time="0.124" /><testcase classname="backend.tests.test_dommma_v2.TestPayments" name="test_create_payment_checkout" time="0.608" /><testcase classname="backend.tests.test_dommma_v2.TestPayments" name="test_get_payment_history" time="0.107" /><testcase classname="backend.tests.test_dommma_v2.TestPayments" name="test_get_payment_history_with_user" time="0.218" /><testcase classname="backend.tests.test_dommma_v2.TestDocuments" name="test_upload_document" time="0.256" /><testcase classname="backend.tests.test_dommma_v2.TestDocuments" name="test_get_user_documents" time="0.236" /><testcase classname="backend.tests.test_dommma_v2.TestDocuments" name="test_filter_documents_by_type" time="0.243" /><testcase classname="backend.tests.test_dommma_v2.TestMessages" name="test_send_message" time="0.352" /><testcase classname="backend.tests.test_dommma_v2.TestMessages" name="test_get_messages" time="0.335" /><testcase classname="backend.tests.test_dommma_v2.TestMessages" name="test_get_conversations" time="0.239" /><testcase classname="backend.tests.test_dommma_v2.TestNovaAIChat" name="test_nova_chat_basic" time="8.854" /><testcase classname="backend.tests.test_dommma_v2.TestNovaAIChat" name="test_nova_budget_calculator" time="8.370" /><testcase classname="backend.tests.test_dommma_v2.TestNovaAIChat" name="test_nova_with_user_context" time="7.002" /><testcase classname="backend.tests.test_dommma_v2.TestNovaAIChat" name="test_nova_suggestions" time="7.743" /><testcase classname="backend.tests.test_dommma_v2.TestIntegration" name="test_user_payment_flow" time="0.639" /><testcase classname="backend.tests.test_dommma_v2.TestIntegration" name="test_user_document_flow" time="0.325" /><testcase classname="backend.tests.test_dommma_v2.TestIntegration" name="test_messaging_flow" time="0.462" /></testsuite></testsuites>