<?xml version="1.0" encoding="utf-8"?><testsuites name="pytest tests"><testsuite name="pytest" errors="0" failures="1" skipped="0" tests="22" time="13.354" timestamp="2026-02-19T23:42:31.493765+00:00" hostname="agent-env-3a51e486-ce90-46a5-94a9-aab0dcd2a16c"><testcase classname="backend.tests.test_tts_insights_calendar.TestTTSEndpoints" name="test_tts_voices_endpoint" time="0.287" /><testcase classname="backend.tests.test_tts_insights_calendar.TestTTSEndpoints" name="test_tts_generate_speech" time="2.705" /><testcase classname="backend.tests.test_tts_insights_calendar.TestTTSEndpoints" name="test_tts_generate_speech_different_voice" time="1.712" /><testcase classname="backend.tests.test_tts_insights_calendar.TestTTSEndpoints" name="test_tts_empty_text_error" time="0.181" /><testcase classname="backend.tests.test_tts_insights_calendar.TestTTSEndpoints" name="test_tts_preferences_get" time="0.187" /><testcase classname="backend.tests.test_tts_insights_calendar.TestTTSEndpoints" name="test_tts_preferences_set" time="0.184" /><testcase classname="backend.tests.test_tts_insights_calendar.TestTTSEndpoints" name="test_tts_preferences_verify_persistence" time="0.134" /><testcase classname="backend.tests.test_tts_insights_calendar.TestTTSEndpoints" name="test_tts_invalid_voice_fallback" time="0.187"><failure message="assert 400 == 200&#10; +  where 400 = &lt;Response [400]&gt;.status_code">backend/tests/test_tts_insights_calendar.py:109: in test_tts_invalid_voice_fallback
    assert response.status_code == 200
E   assert 400 == 200
E    +  where 400 = &lt;Response [400]&gt;.status_code</failure></testcase><testcase classname="backend.tests.test_tts_insights_calendar.TestNovaInsightsEndpoints" name="test_insights_main_endpoint" time="0.182" /><testcase classname="backend.tests.test_tts_insights_calendar.TestNovaInsightsEndpoints" name="test_insights_timeline_endpoint" time="0.204" /><testcase classname="backend.tests.test_tts_insights_calendar.TestNovaInsightsEndpoints" name="test_insights_matches_endpoint" time="0.152" /><testcase classname="backend.tests.test_tts_insights_calendar.TestNovaInsightsEndpoints" name="test_insights_trends_endpoint" time="0.161" /><testcase classname="backend.tests.test_tts_insights_calendar.TestNovaInsightsEndpoints" name="test_insights_activity_summary" time="0.153" /><testcase classname="backend.tests.test_tts_insights_calendar.TestNovaInsightsEndpoints" name="test_insights_recommendations" time="0.190" /><testcase classname="backend.tests.test_tts_insights_calendar.TestGoogleCalendarEndpoints" name="test_google_auth_url" time="0.152" /><testcase classname="backend.tests.test_tts_insights_calendar.TestGoogleCalendarEndpoints" name="test_google_status_not_connected" time="0.134" /><testcase classname="backend.tests.test_tts_insights_calendar.TestGoogleCalendarEndpoints" name="test_google_disconnect_nonexistent" time="0.135" /><testcase classname="backend.tests.test_tts_insights_calendar.TestGoogleCalendarEndpoints" name="test_local_calendar_events" time="0.191" /><testcase classname="backend.tests.test_tts_insights_calendar.TestExistingEndpointsStillWork" name="test_chat_endpoint" time="5.385" /><testcase classname="backend.tests.test_tts_insights_calendar.TestExistingEndpointsStillWork" name="test_listings_endpoint" time="0.200" /><testcase classname="backend.tests.test_tts_insights_calendar.TestExistingEndpointsStillWork" name="test_nova_memory_endpoint" time="0.167" /><testcase classname="backend.tests.test_tts_insights_calendar.TestExistingEndpointsStillWork" name="test_nova_suggestions_endpoint" time="0.188" /></testsuite></testsuites>