<?xml version="1.0" encoding="utf-8"?><testsuites name="pytest tests"><testsuite name="pytest" errors="0" failures="0" skipped="0" tests="25" time="7.146" timestamp="2026-02-19T22:54:59.697248+00:00" hostname="agent-env-1edfc50c-894c-4e8d-a359-54290528b055"><testcase classname="backend.tests.test_new_features.TestMovingQuoteService" name="test_get_pricing_info" time="0.183" /><testcase classname="backend.tests.test_new_features.TestMovingQuoteService" name="test_generate_moving_quote_basic" time="0.153" /><testcase classname="backend.tests.test_new_features.TestMovingQuoteService" name="test_moving_quote_with_special_items" time="0.253" /><testcase classname="backend.tests.test_new_features.TestMovingQuoteService" name="test_moving_quote_with_packing_service" time="0.245" /><testcase classname="backend.tests.test_new_features.TestMovingQuoteService" name="test_moving_quote_floor_surcharge" time="0.268" /><testcase classname="backend.tests.test_new_features.TestCalendarService" name="test_create_event" time="0.131" /><testcase classname="backend.tests.test_new_features.TestCalendarService" name="test_get_user_events" time="0.315" /><testcase classname="backend.tests.test_new_features.TestCalendarService" name="test_schedule_property_viewing" time="0.308" /><testcase classname="backend.tests.test_new_features.TestCalendarService" name="test_cancel_event" time="0.304" /><testcase classname="backend.tests.test_new_features.TestCalendarService" name="test_google_calendar_status" time="0.126" /><testcase classname="backend.tests.test_new_features.TestCalendarService" name="test_google_auth_url_not_configured" time="0.188" /><testcase classname="backend.tests.test_new_features.TestPortfolioService" name="test_get_portfolio_categories" time="0.120" /><testcase classname="backend.tests.test_new_features.TestPortfolioService" name="test_create_portfolio_project" time="0.182" /><testcase classname="backend.tests.test_new_features.TestPortfolioService" name="test_get_contractor_portfolio" time="0.302" /><testcase classname="backend.tests.test_new_features.TestPortfolioService" name="test_update_portfolio_project" time="0.420" /><testcase classname="backend.tests.test_new_features.TestPortfolioService" name="test_toggle_featured_project" time="0.381" /><testcase classname="backend.tests.test_new_features.TestPortfolioService" name="test_delete_portfolio_project" time="0.385" /><testcase classname="backend.tests.test_new_features.TestAICompatibilityService" name="test_calculate_compatibility" time="0.391" /><testcase classname="backend.tests.test_new_features.TestAICompatibilityService" name="test_get_top_matches" time="0.431" /><testcase classname="backend.tests.test_new_features.TestAICompatibilityService" name="test_compatibility_score_between_profiles" time="0.642" /><testcase classname="backend.tests.test_new_features.TestAICompatibilityService" name="test_compatibility_score_structure" time="0.475" /><testcase classname="backend.tests.test_new_features.TestPWAManifest" name="test_manifest_accessible" time="0.142" /><testcase classname="backend.tests.test_new_features.TestPWAManifest" name="test_manifest_structure" time="0.139" /><testcase classname="backend.tests.test_new_features.TestPWAManifest" name="test_manifest_icons" time="0.237" /><testcase classname="backend.tests.test_new_features.TestDashboardIntegration" name="test_login_and_get_user" time="0.351" /></testsuite></testsuites>