<?xml version="1.0" encoding="utf-8"?><testsuites name="pytest tests"><testsuite name="pytest" errors="0" failures="0" skipped="0" tests="15" time="2.251" timestamp="2026-02-19T22:21:37.100102+00:00" hostname="agent-env-1edfc50c-894c-4e8d-a359-54290528b055"><testcase classname="backend.tests.test_social_features.TestFavoritesAPI" name="test_toggle_favorite_add" time="0.680" /><testcase classname="backend.tests.test_social_features.TestFavoritesAPI" name="test_get_favorite_ids" time="0.159" /><testcase classname="backend.tests.test_social_features.TestFavoritesAPI" name="test_get_favorites_with_listing_data" time="0.069" /><testcase classname="backend.tests.test_social_features.TestFavoritesAPI" name="test_toggle_favorite_remove" time="0.177" /><testcase classname="backend.tests.test_social_features.TestCompareAPI" name="test_compare_two_properties" time="0.075" /><testcase classname="backend.tests.test_social_features.TestCompareAPI" name="test_compare_four_properties" time="0.075" /><testcase classname="backend.tests.test_social_features.TestCompareAPI" name="test_compare_invalid_count" time="0.061" /><testcase classname="backend.tests.test_social_features.TestCompareAPI" name="test_compare_too_many_properties" time="0.155" /><testcase classname="backend.tests.test_social_features.TestRoommateFinderAPI" name="test_create_roommate_profile" time="0.088" /><testcase classname="backend.tests.test_social_features.TestRoommateFinderAPI" name="test_get_roommate_profile" time="0.084" /><testcase classname="backend.tests.test_social_features.TestRoommateFinderAPI" name="test_search_roommates" time="0.069" /><testcase classname="backend.tests.test_social_features.TestRoommateFinderAPI" name="test_search_roommates_with_filters" time="0.062" /><testcase classname="backend.tests.test_social_features.TestRoommateFinderAPI" name="test_get_roommate_connections" time="0.063" /><testcase classname="backend.tests.test_social_features.TestIntegration" name="test_favorites_flow" time="0.192" /><testcase classname="backend.tests.test_social_features.TestIntegration" name="test_dashboard_sidebar_routes_exist" time="0.135" /></testsuite></testsuites>