<?xml version="1.0" encoding="utf-8"?><testsuites name="pytest tests"><testsuite name="pytest" errors="0" failures="0" skipped="0" tests="14" time="6.228" timestamp="2026-02-19T20:34:36.728881+00:00" hostname="agent-env-1582e456-69cb-4235-8cc3-d4b393b1b7ea"><testcase classname="backend.tests.test_v2_features.TestAPIHealth" name="test_api_root" time="0.236" /><testcase classname="backend.tests.test_v2_features.TestContractorProfile" name="test_create_contractor_profile" time="0.779" /><testcase classname="backend.tests.test_v2_features.TestContractorSearch" name="test_search_contractors_returns_list" time="0.126" /><testcase classname="backend.tests.test_v2_features.TestContractorSearch" name="test_search_contractors_by_specialty" time="0.124" /><testcase classname="backend.tests.test_v2_features.TestContractorSearch" name="test_search_contractors_by_query" time="0.161" /><testcase classname="backend.tests.test_v2_features.TestContractorServices" name="test_create_contractor_service" time="0.803" /><testcase classname="backend.tests.test_v2_features.TestServiceSearch" name="test_search_services_returns_list" time="0.434" /><testcase classname="backend.tests.test_v2_features.TestServiceSearch" name="test_search_services_by_category" time="0.139" /><testcase classname="backend.tests.test_v2_features.TestBookings" name="test_create_booking" time="1.347" /><testcase classname="backend.tests.test_v2_features.TestLandlordListings" name="test_create_listing_for_landlord" time="0.889" /><testcase classname="backend.tests.test_v2_features.TestLandlordListings" name="test_get_landlord_listings" time="0.670" /><testcase classname="backend.tests.test_v2_features.TestImageUpload" name="test_upload_image" time="0.142" /><testcase classname="backend.tests.test_v2_features.TestListingsPublic" name="test_get_listings" time="0.173" /><testcase classname="backend.tests.test_v2_features.TestListingsPublic" name="test_get_listings_with_filters" time="0.117" /></testsuite></testsuites>