<?xml version="1.0" encoding="utf-8"?><testsuites name="pytest tests"><testsuite name="pytest" errors="0" failures="0" skipped="0" tests="9" time="5.038" timestamp="2026-02-20T00:14:11.855386+00:00" hostname="agent-env-3a51e486-ce90-46a5-94a9-aab0dcd2a16c"><testcase classname="tests.test_contractor_reviews.TestContractorReviewsAPI" name="test_get_contractor_leaderboard_empty" time="0.497" /><testcase classname="tests.test_contractor_reviews.TestContractorReviewsAPI" name="test_get_contractor_leaderboard_with_limit" time="0.496" /><testcase classname="tests.test_contractor_reviews.TestContractorReviewsAPI" name="test_get_contractor_reviews_empty" time="0.609" /><testcase classname="tests.test_contractor_reviews.TestContractorReviewsAPI" name="test_review_booking_without_booking" time="0.498" /><testcase classname="tests.test_contractor_reviews.TestContractorReviewsAPI" name="test_full_review_flow" time="0.941" /><testcase classname="tests.test_contractor_reviews.TestContractorReviewsAPI" name="test_review_unauthorized_user" time="1.101" /><testcase classname="tests.test_contractor_reviews.TestCustomerBookingsForPendingReviews" name="test_get_customer_bookings" time="0.496" /><testcase classname="tests.test_contractor_reviews.TestContractorSearch" name="test_contractor_search" time="0.149" /><testcase classname="tests.test_contractor_reviews.TestContractorSearch" name="test_contractor_search_by_specialty" time="0.145" /></testsuite></testsuites>