<?xml version="1.0" encoding="utf-8"?><testsuites name="pytest tests"><testsuite name="pytest" errors="0" failures="0" skipped="0" tests="12" time="2.872" timestamp="2026-02-19T23:58:39.003375+00:00" hostname="agent-env-3a51e486-ce90-46a5-94a9-aab0dcd2a16c"><testcase classname="backend.tests.test_viewing_scheduler.TestAuthForScheduler" name="test_login_for_scheduler_tests" time="0.750" /><testcase classname="backend.tests.test_viewing_scheduler.TestCalendarEvents" name="test_get_user_events" time="0.183" /><testcase classname="backend.tests.test_viewing_scheduler.TestCalendarEvents" name="test_create_calendar_event" time="0.149" /><testcase classname="backend.tests.test_viewing_scheduler.TestCalendarEvents" name="test_verify_event_persistence" time="0.134" /><testcase classname="backend.tests.test_viewing_scheduler.TestCalendarEvents" name="test_delete_calendar_event" time="0.194" /><testcase classname="backend.tests.test_viewing_scheduler.TestGoogleCalendarIntegration" name="test_check_google_calendar_status" time="0.132" /><testcase classname="backend.tests.test_viewing_scheduler.TestGoogleCalendarIntegration" name="test_get_google_auth_url" time="0.193" /><testcase classname="backend.tests.test_viewing_scheduler.TestGoogleCalendarIntegration" name="test_disconnect_google_calendar" time="0.142" /><testcase classname="backend.tests.test_viewing_scheduler.TestListingsForScheduling" name="test_get_rental_listings" time="0.172" /><testcase classname="backend.tests.test_viewing_scheduler.TestListingsForScheduling" name="test_get_sale_listings" time="0.148" /><testcase classname="backend.tests.test_viewing_scheduler.TestScheduleViewingEndpoint" name="test_schedule_property_viewing" time="0.404" /><testcase classname="backend.tests.test_viewing_scheduler.TestCleanup" name="test_cleanup_test_events" time="0.145" /></testsuite></testsuites>