<?xml version="1.0" encoding="utf-8"?><testsuites name="pytest tests"><testsuite name="pytest" errors="0" failures="0" skipped="0" tests="9" time="4.954" timestamp="2026-02-20T00:08:16.972687+00:00" hostname="agent-env-3a51e486-ce90-46a5-94a9-aab0dcd2a16c"><testcase classname="tests.test_contractor_reviews.TestContractorReviewsAPI" name="test_get_contractor_leaderboard_empty" time="0.553" /><testcase classname="tests.test_contractor_reviews.TestContractorReviewsAPI" name="test_get_contractor_leaderboard_with_limit" time="0.636" /><testcase classname="tests.test_contractor_reviews.TestContractorReviewsAPI" name="test_get_contractor_reviews_empty" time="0.632" /><testcase classname="tests.test_contractor_reviews.TestContractorReviewsAPI" name="test_review_booking_without_booking" time="0.476" /><testcase classname="tests.test_contractor_reviews.TestContractorReviewsAPI" name="test_full_review_flow" time="0.911" /><testcase classname="tests.test_contractor_reviews.TestContractorReviewsAPI" name="test_review_unauthorized_user" time="0.933" /><testcase classname="tests.test_contractor_reviews.TestCustomerBookingsForPendingReviews" name="test_get_customer_bookings" time="0.461" /><testcase classname="tests.test_contractor_reviews.TestContractorSearch" name="test_contractor_search" time="0.150" /><testcase classname="tests.test_contractor_reviews.TestContractorSearch" name="test_contractor_search_by_specialty" time="0.128" /></testsuite></testsuites>