<?xml version="1.0" encoding="utf-8"?><testsuites name="pytest tests"><testsuite name="pytest" errors="0" failures="1" skipped="0" tests="25" time="7.646" timestamp="2026-02-19T22:51:28.635429+00:00" hostname="agent-env-1edfc50c-894c-4e8d-a359-54290528b055"><testcase classname="backend.tests.test_new_features.TestMovingQuoteService" name="test_get_pricing_info" time="0.299" /><testcase classname="backend.tests.test_new_features.TestMovingQuoteService" name="test_generate_moving_quote_basic" time="0.131" /><testcase classname="backend.tests.test_new_features.TestMovingQuoteService" name="test_moving_quote_with_special_items" time="0.392" /><testcase classname="backend.tests.test_new_features.TestMovingQuoteService" name="test_moving_quote_with_packing_service" time="0.319" /><testcase classname="backend.tests.test_new_features.TestMovingQuoteService" name="test_moving_quote_floor_surcharge" time="0.333" /><testcase classname="backend.tests.test_new_features.TestCalendarService" name="test_create_event" time="0.132" /><testcase classname="backend.tests.test_new_features.TestCalendarService" name="test_get_user_events" time="0.632" /><testcase classname="backend.tests.test_new_features.TestCalendarService" name="test_schedule_property_viewing" time="0.240" /><testcase classname="backend.tests.test_new_features.TestCalendarService" name="test_cancel_event" time="0.286" /><testcase classname="backend.tests.test_new_features.TestCalendarService" name="test_google_calendar_status" time="0.210" /><testcase classname="backend.tests.test_new_features.TestCalendarService" name="test_google_auth_url_not_configured" time="0.122" /><testcase classname="backend.tests.test_new_features.TestPortfolioService" name="test_get_portfolio_categories" time="0.113" /><testcase classname="backend.tests.test_new_features.TestPortfolioService" name="test_create_portfolio_project" time="0.113" /><testcase classname="backend.tests.test_new_features.TestPortfolioService" name="test_get_contractor_portfolio" time="0.248" /><testcase classname="backend.tests.test_new_features.TestPortfolioService" name="test_update_portfolio_project" time="0.393" /><testcase classname="backend.tests.test_new_features.TestPortfolioService" name="test_toggle_featured_project" time="0.367" /><testcase classname="backend.tests.test_new_features.TestPortfolioService" name="test_delete_portfolio_project" time="0.548" /><testcase classname="backend.tests.test_new_features.TestAICompatibilityService" name="test_calculate_compatibility" time="0.403" /><testcase classname="backend.tests.test_new_features.TestAICompatibilityService" name="test_get_top_matches" time="0.357" /><testcase classname="backend.tests.test_new_features.TestAICompatibilityService" name="test_compatibility_score_between_profiles" time="0.399" /><testcase classname="backend.tests.test_new_features.TestAICompatibilityService" name="test_compatibility_score_structure" time="0.483" /><testcase classname="backend.tests.test_new_features.TestPWAManifest" name="test_manifest_accessible" time="0.299" /><testcase classname="backend.tests.test_new_features.TestPWAManifest" name="test_manifest_structure" time="0.140" /><testcase classname="backend.tests.test_new_features.TestPWAManifest" name="test_manifest_icons" time="0.171" /><testcase classname="backend.tests.test_new_features.TestDashboardIntegration" name="test_login_and_get_user" time="0.389"><failure message="KeyError: 'user'">backend/tests/test_new_features.py:616: in test_login_and_get_user
    assert data["user"]["email"] == "test_iter10@dommma.com"
           ^^^^^^^^^^^^
E   KeyError: 'user'</failure></testcase></testsuite></testsuites>