<?xml version="1.0" encoding="utf-8"?><testsuites name="pytest tests"><testsuite name="pytest" errors="0" failures="0" skipped="0" tests="23" time="3.878" timestamp="2026-02-19T19:49:11.351507+00:00" hostname="agent-env-3d71ccea-24e1-4087-ae57-fd9f85e2d08d"><testcase classname="backend.tests.test_v2_features.TestHealthEndpoints" name="test_api_root" time="0.264" /><testcase classname="backend.tests.test_v2_features.TestNotifications" name="test_register_fcm_token" time="0.631" /><testcase classname="backend.tests.test_v2_features.TestNotifications" name="test_register_fcm_token_update" time="0.081" /><testcase classname="backend.tests.test_v2_features.TestNotifications" name="test_get_notifications" time="0.092" /><testcase classname="backend.tests.test_v2_features.TestNotifications" name="test_send_notification" time="0.092" /><testcase classname="backend.tests.test_v2_features.TestRentalApplications" name="test_create_application" time="0.211" /><testcase classname="backend.tests.test_v2_features.TestRentalApplications" name="test_get_user_applications" time="0.263" /><testcase classname="backend.tests.test_v2_features.TestRentalApplications" name="test_get_landlord_applications" time="0.097" /><testcase classname="backend.tests.test_v2_features.TestRentalApplications" name="test_update_application_status" time="0.236" /><testcase classname="backend.tests.test_v2_features.TestMaintenanceRequests" name="test_create_maintenance_request" time="0.084" /><testcase classname="backend.tests.test_v2_features.TestMaintenanceRequests" name="test_create_emergency_maintenance" time="0.094" /><testcase classname="backend.tests.test_v2_features.TestMaintenanceRequests" name="test_get_user_maintenance_requests" time="0.071" /><testcase classname="backend.tests.test_v2_features.TestMaintenanceRequests" name="test_get_landlord_maintenance_requests" time="0.100" /><testcase classname="backend.tests.test_v2_features.TestMaintenanceRequests" name="test_update_maintenance_status" time="0.269" /><testcase classname="backend.tests.test_v2_features.TestContractorJobs" name="test_create_job" time="0.078" /><testcase classname="backend.tests.test_v2_features.TestContractorJobs" name="test_get_available_jobs" time="0.104" /><testcase classname="backend.tests.test_v2_features.TestContractorJobs" name="test_get_jobs_by_category" time="0.107" /><testcase classname="backend.tests.test_v2_features.TestContractorJobs" name="test_get_landlord_jobs" time="0.067" /><testcase classname="backend.tests.test_v2_features.TestContractorJobs" name="test_get_contractor_jobs" time="0.094" /><testcase classname="backend.tests.test_v2_features.TestContractorJobs" name="test_submit_bid" time="0.204" /><testcase classname="backend.tests.test_v2_features.TestContractorJobs" name="test_select_bid" time="0.278" /><testcase classname="backend.tests.test_v2_features.TestListingManagement" name="test_get_landlord_listings" time="0.087" /><testcase classname="backend.tests.test_v2_features.TestListingManagement" name="test_update_listing" time="0.094" /></testsuite></testsuites>