<?xml version="1.0" encoding="utf-8"?><testsuites name="pytest tests"><testsuite name="pytest" errors="0" failures="1" skipped="0" tests="18" time="106.327" timestamp="2026-02-20T03:47:32.643401+00:00" hostname="agent-env-3a51e486-ce90-46a5-94a9-aab0dcd2a16c"><testcase classname="backend.tests.test_compatibility.TestRoommateCompatibilityBasic" name="test_calculate_compatibility_basic" time="0.327" /><testcase classname="backend.tests.test_compatibility.TestRoommateCompatibilityBasic" name="test_calculate_compatibility_returns_other_profiles" time="0.132" /><testcase classname="backend.tests.test_compatibility.TestRoommateCompatibilityBasic" name="test_score_between_two_profiles_basic" time="0.219" /><testcase classname="backend.tests.test_compatibility.TestRoommateCompatibilityBasic" name="test_compatibility_levels_correct_values" time="0.163" /><testcase classname="backend.tests.test_compatibility.TestRoommateCompatibilityBasic" name="test_compatibility_percentage_in_valid_range" time="0.156" /><testcase classname="backend.tests.test_compatibility.TestRoommateCompatibilityBasic" name="test_calculate_nonexistent_profile_returns_404" time="0.150" /><testcase classname="backend.tests.test_compatibility.TestRoommateCompatibilityBasic" name="test_score_nonexistent_target_returns_404" time="0.145" /><testcase classname="backend.tests.test_compatibility.TestRoommateCompatibilityAI" name="test_calculate_compatibility_with_ai" time="60.141"><failure message="requests.exceptions.ReadTimeout: HTTPSConnectionPool(host='rental-hub-dev-1.preview.emergentagent.com', port=443): Read timed out. (read timeout=60)">/root/.venv/lib/python3.11/site-packages/urllib3/connectionpool.py:534: in _make_request
    response = conn.getresponse()
               ^^^^^^^^^^^^^^^^^^
/root/.venv/lib/python3.11/site-packages/urllib3/connection.py:571: in getresponse
    httplib_response = super().getresponse()
                       ^^^^^^^^^^^^^^^^^^^^^
/usr/local/lib/python3.11/http/client.py:1395: in getresponse
    response.begin()
/usr/local/lib/python3.11/http/client.py:325: in begin
    version, status, reason = self._read_status()
                              ^^^^^^^^^^^^^^^^^^^
/usr/local/lib/python3.11/http/client.py:286: in _read_status
    line = str(self.fp.readline(_MAXLINE + 1), "iso-8859-1")
               ^^^^^^^^^^^^^^^^^^^^^^^^^^^^^^
/usr/local/lib/python3.11/socket.py:718: in readinto
    return self._sock.recv_into(b)
           ^^^^^^^^^^^^^^^^^^^^^^^
/usr/local/lib/python3.11/ssl.py:1314: in recv_into
    return self.read(nbytes, buffer)
           ^^^^^^^^^^^^^^^^^^^^^^^^^
/usr/local/lib/python3.11/ssl.py:1166: in read
    return self._sslobj.read(len, buffer)
           ^^^^^^^^^^^^^^^^^^^^^^^^^^^^^^
E   TimeoutError: The read operation timed out

The above exception was the direct cause of the following exception:
/root/.venv/lib/python3.11/site-packages/requests/adapters.py:644: in send
    resp = conn.urlopen(
/root/.venv/lib/python3.11/site-packages/urllib3/connectionpool.py:841: in urlopen
    retries = retries.increment(
/root/.venv/lib/python3.11/site-packages/urllib3/util/retry.py:490: in increment
    raise reraise(type(error), error, _stacktrace)
          ^^^^^^^^^^^^^^^^^^^^^^^^^^^^^^^^^^^^^^^^
/root/.venv/lib/python3.11/site-packages/urllib3/util/util.py:39: in reraise
    raise value
/root/.venv/lib/python3.11/site-packages/urllib3/connectionpool.py:787: in urlopen
    response = self._make_request(
/root/.venv/lib/python3.11/site-packages/urllib3/connectionpool.py:536: in _make_request
    self._raise_timeout(err=e, url=url, timeout_value=read_timeout)
/root/.venv/lib/python3.11/site-packages/urllib3/connectionpool.py:367: in _raise_timeout
    raise ReadTimeoutError(
E   urllib3.exceptions.ReadTimeoutError: HTTPSConnectionPool(host='rental-hub-dev-1.preview.emergentagent.com', port=443): Read timed out. (read timeout=60)

During handling of the above exception, another exception occurred:
backend/tests/test_compatibility.py:133: in test_calculate_compatibility_with_ai
    response = requests.post(
/root/.venv/lib/python3.11/site-packages/requests/api.py:115: in post
    return request("post", url, data=data, json=json, **kwargs)
           ^^^^^^^^^^^^^^^^^^^^^^^^^^^^^^^^^^^^^^^^^^^^^^^^^^^^
/root/.venv/lib/python3.11/site-packages/requests/api.py:59: in request
    return session.request(method=method, url=url, **kwargs)
           ^^^^^^^^^^^^^^^^^^^^^^^^^^^^^^^^^^^^^^^^^^^^^^^^^
/root/.venv/lib/python3.11/site-packages/requests/sessions.py:589: in request
    resp = self.send(prep, **send_kwargs)
           ^^^^^^^^^^^^^^^^^^^^^^^^^^^^^^
/root/.venv/lib/python3.11/site-packages/requests/sessions.py:703: in send
    r = adapter.send(request, **kwargs)
        ^^^^^^^^^^^^^^^^^^^^^^^^^^^^^^^
/root/.venv/lib/python3.11/site-packages/requests/adapters.py:690: in send
    raise ReadTimeout(e, request=request)
E   requests.exceptions.ReadTimeout: HTTPSConnectionPool(host='rental-hub-dev-1.preview.emergentagent.com', port=443): Read timed out. (read timeout=60)</failure></testcase><testcase classname="backend.tests.test_compatibility.TestRoommateCompatibilityAI" name="test_score_with_ai_insights" time="35.401" /><testcase classname="backend.tests.test_compatibility.TestRoommateCompatibilityAI" name="test_ai_insights_content_quality" time="7.666" /><testcase classname="backend.tests.test_compatibility.TestCompatibilityMatches" name="test_get_top_matches_for_user" time="0.178" /><testcase classname="backend.tests.test_compatibility.TestCompatibilityMatches" name="test_matches_sorted_by_score" time="0.146" /><testcase classname="backend.tests.test_compatibility.TestCompatibilityMatches" name="test_matches_limit_parameter" time="0.148" /><testcase classname="backend.tests.test_compatibility.TestCompatibilityMatches" name="test_matches_nonexistent_user_returns_404" time="0.131" /><testcase classname="backend.tests.test_compatibility.TestCompatibilityAlgorithm" name="test_budget_overlap_calculation" time="0.184" /><testcase classname="backend.tests.test_compatibility.TestCompatibilityAlgorithm" name="test_location_match_calculation" time="0.253" /><testcase classname="backend.tests.test_compatibility.TestCompatibilityAlgorithm" name="test_lifestyle_alignment_calculation" time="0.166" /><testcase classname="backend.tests.test_compatibility.TestCompatibilityAlgorithm" name="test_habits_compatibility_calculation" time="0.165" /></testsuite></testsuites>