<?xml version="1.0" encoding="utf-8"?><testsuites name="pytest tests"><testsuite name="pytest" errors="0" failures="0" skipped="0" tests="12" time="5.319" timestamp="2026-02-20T03:33:30.386289+00:00" hostname="agent-env-3a51e486-ce90-46a5-94a9-aab0dcd2a16c"><testcase classname="backend.tests.test_notifications.TestFCMTokenRegistration" name="test_register_fcm_token_success" time="0.928" /><testcase classname="backend.tests.test_notifications.TestFCMTokenRegistration" name="test_update_fcm_token" time="0.292" /><testcase classname="backend.tests.test_notifications.TestFCMTokenRegistration" name="test_register_fcm_token_missing_fields" time="0.351" /><testcase classname="backend.tests.test_notifications.TestSendNotification" name="test_send_notification_success" time="0.126" /><testcase classname="backend.tests.test_notifications.TestSendNotification" name="test_send_notification_all_types" time="1.221" /><testcase classname="backend.tests.test_notifications.TestSendNotification" name="test_send_notification_missing_required_fields" time="0.131" /><testcase classname="backend.tests.test_notifications.TestGetNotifications" name="test_get_notifications_success" time="0.285" /><testcase classname="backend.tests.test_notifications.TestGetNotifications" name="test_get_notifications_unread_only" time="0.124" /><testcase classname="backend.tests.test_notifications.TestGetNotifications" name="test_get_notifications_empty_user" time="0.181" /><testcase classname="backend.tests.test_notifications.TestMarkNotificationRead" name="test_mark_notification_read_success" time="0.604" /><testcase classname="backend.tests.test_notifications.TestMarkNotificationRead" name="test_mark_nonexistent_notification_read" time="0.131" /><testcase classname="backend.tests.test_notifications.TestNotificationIntegration" name="test_full_notification_flow" time="0.767" /></testsuite></testsuites>