<?xml version="1.0" encoding="utf-8"?><testsuites name="pytest tests"><testsuite name="pytest" errors="0" failures="0" skipped="0" tests="18" time="17.979" timestamp="2026-02-20T03:52:54.315196+00:00" hostname="agent-env-3a51e486-ce90-46a5-94a9-aab0dcd2a16c"><testcase classname="backend.tests.test_compatibility.TestRoommateCompatibilityBasic" name="test_calculate_compatibility_basic" time="0.297" /><testcase classname="backend.tests.test_compatibility.TestRoommateCompatibilityBasic" name="test_calculate_compatibility_returns_other_profiles" time="0.129" /><testcase classname="backend.tests.test_compatibility.TestRoommateCompatibilityBasic" name="test_score_between_two_profiles_basic" time="0.158" /><testcase classname="backend.tests.test_compatibility.TestRoommateCompatibilityBasic" name="test_compatibility_levels_correct_values" time="0.138" /><testcase classname="backend.tests.test_compatibility.TestRoommateCompatibilityBasic" name="test_compatibility_percentage_in_valid_range" time="0.140" /><testcase classname="backend.tests.test_compatibility.TestRoommateCompatibilityBasic" name="test_calculate_nonexistent_profile_returns_404" time="0.153" /><testcase classname="backend.tests.test_compatibility.TestRoommateCompatibilityBasic" name="test_score_nonexistent_target_returns_404" time="0.135" /><testcase classname="backend.tests.test_compatibility.TestRoommateCompatibilityAI" name="test_calculate_compatibility_with_ai" time="0.140" /><testcase classname="backend.tests.test_compatibility.TestRoommateCompatibilityAI" name="test_score_with_ai_insights" time="7.163" /><testcase classname="backend.tests.test_compatibility.TestRoommateCompatibilityAI" name="test_ai_insights_content_quality" time="8.221" /><testcase classname="backend.tests.test_compatibility.TestCompatibilityMatches" name="test_get_top_matches_for_user" time="0.147" /><testcase classname="backend.tests.test_compatibility.TestCompatibilityMatches" name="test_matches_sorted_by_score" time="0.139" /><testcase classname="backend.tests.test_compatibility.TestCompatibilityMatches" name="test_matches_limit_parameter" time="0.128" /><testcase classname="backend.tests.test_compatibility.TestCompatibilityMatches" name="test_matches_nonexistent_user_returns_404" time="0.117" /><testcase classname="backend.tests.test_compatibility.TestCompatibilityAlgorithm" name="test_budget_overlap_calculation" time="0.125" /><testcase classname="backend.tests.test_compatibility.TestCompatibilityAlgorithm" name="test_location_match_calculation" time="0.130" /><testcase classname="backend.tests.test_compatibility.TestCompatibilityAlgorithm" name="test_lifestyle_alignment_calculation" time="0.129" /><testcase classname="backend.tests.test_compatibility.TestCompatibilityAlgorithm" name="test_habits_compatibility_calculation" time="0.111" /></testsuite></testsuites>