<?xml version="1.0" encoding="utf-8"?><testsuites name="pytest tests"><testsuite name="pytest" errors="0" failures="2" skipped="0" tests="35" time="12.309" timestamp="2026-03-02T05:34:31.490860+00:00" hostname="agent-env-f8195405-f80f-4b4c-a31c-658e18bb2e71"><testcase classname="backend.tests.test_analytics_docusign_lease.TestAnalyticsOverviewEndpoint" name="test_analytics_overview_returns_200" time="1.393" /><testcase classname="backend.tests.test_analytics_docusign_lease.TestAnalyticsOverviewEndpoint" name="test_analytics_overview_has_users_section" time="0.765" /><testcase classname="backend.tests.test_analytics_docusign_lease.TestAnalyticsOverviewEndpoint" name="test_analytics_overview_has_listings_section" time="0.780" /><testcase classname="backend.tests.test_analytics_docusign_lease.TestAnalyticsOverviewEndpoint" name="test_analytics_overview_has_transactions_section" time="0.803" /><testcase classname="backend.tests.test_analytics_docusign_lease.TestAnalyticsOverviewEndpoint" name="test_analytics_overview_has_contractors_section" time="0.767" /><testcase classname="backend.tests.test_analytics_docusign_lease.TestAnalyticsOverviewEndpoint" name="test_analytics_overview_has_documents_section" time="0.763" /><testcase classname="backend.tests.test_analytics_docusign_lease.TestAnalyticsOverviewEndpoint" name="test_analytics_overview_has_timestamp" time="0.836" /><testcase classname="backend.tests.test_analytics_docusign_lease.TestAnalyticsActivityEndpoint" name="test_analytics_activity_returns_200" time="0.262" /><testcase classname="backend.tests.test_analytics_docusign_lease.TestAnalyticsActivityEndpoint" name="test_analytics_activity_returns_list" time="0.256" /><testcase classname="backend.tests.test_analytics_docusign_lease.TestAnalyticsActivityEndpoint" name="test_analytics_activity_items_have_required_fields" time="0.247" /><testcase classname="backend.tests.test_analytics_docusign_lease.TestAnalyticsActivityEndpoint" name="test_analytics_activity_respects_limit" time="0.239" /><testcase classname="backend.tests.test_analytics_docusign_lease.TestAnalyticsRevenueEndpoint" name="test_analytics_revenue_returns_200" time="0.151" /><testcase classname="backend.tests.test_analytics_docusign_lease.TestAnalyticsRevenueEndpoint" name="test_analytics_revenue_has_required_fields" time="0.155" /><testcase classname="backend.tests.test_analytics_docusign_lease.TestAnalyticsRevenueEndpoint" name="test_analytics_revenue_accepts_7d_period" time="0.149" /><testcase classname="backend.tests.test_analytics_docusign_lease.TestAnalyticsRevenueEndpoint" name="test_analytics_revenue_accepts_90d_period" time="0.145" /><testcase classname="backend.tests.test_analytics_docusign_lease.TestAnalyticsListingsPerformanceEndpoint" name="test_listings_performance_returns_200" time="0.410" /><testcase classname="backend.tests.test_analytics_docusign_lease.TestAnalyticsListingsPerformanceEndpoint" name="test_listings_performance_has_price_distribution" time="0.404" /><testcase classname="backend.tests.test_analytics_docusign_lease.TestAnalyticsListingsPerformanceEndpoint" name="test_listings_performance_has_property_types" time="0.421" /><testcase classname="backend.tests.test_analytics_docusign_lease.TestAnalyticsListingsPerformanceEndpoint" name="test_listings_performance_has_avg_prices_by_city" time="0.451" /><testcase classname="backend.tests.test_analytics_docusign_lease.TestDocuSignStatusEndpoint" name="test_docusign_status_returns_200" time="0.154" /><testcase classname="backend.tests.test_analytics_docusign_lease.TestDocuSignStatusEndpoint" name="test_docusign_status_has_connected_field" time="0.138" /><testcase classname="backend.tests.test_analytics_docusign_lease.TestDocuSignStatusEndpoint" name="test_docusign_status_has_integration_key_configured" time="0.150" /><testcase classname="backend.tests.test_analytics_docusign_lease.TestDocuSignStatusEndpoint" name="test_docusign_status_requires_user_id" time="0.103" /><testcase classname="backend.tests.test_analytics_docusign_lease.TestDocuSignAuthUrlEndpoint" name="test_docusign_auth_url_returns_200" time="0.156" /><testcase classname="backend.tests.test_analytics_docusign_lease.TestDocuSignAuthUrlEndpoint" name="test_docusign_auth_url_returns_auth_url" time="0.163" /><testcase classname="backend.tests.test_analytics_docusign_lease.TestDocuSignAuthUrlEndpoint" name="test_docusign_auth_url_returns_state" time="0.171" /><testcase classname="backend.tests.test_analytics_docusign_lease.TestLeaseAssignmentsEndpoints" name="test_get_lease_assignments_returns_200" time="0.162" /><testcase classname="backend.tests.test_analytics_docusign_lease.TestLeaseAssignmentsEndpoints" name="test_get_lease_assignments_returns_list" time="0.147" /><testcase classname="backend.tests.test_analytics_docusign_lease.TestLeaseAssignmentsEndpoints" name="test_create_lease_assignment" time="0.152" /><testcase classname="backend.tests.test_analytics_docusign_lease.TestLeaseAssignmentsEndpoints" name="test_lease_assignment_has_calculated_savings" time="0.175" /><testcase classname="backend.tests.test_analytics_docusign_lease.TestLeaseAssignmentsEndpoints" name="test_get_single_lease_assignment" time="0.278" /><testcase classname="backend.tests.test_analytics_docusign_lease.TestLeaseAssignmentsEndpoints" name="test_lease_assignment_not_found" time="0.156" /><testcase classname="backend.tests.test_analytics_docusign_lease.TestLeaseAssignmentPaymentEndpoint" name="test_payment_endpoint_creates_checkout" time="0.262"><failure message="assert 500 == 200&#10; +  where 500 = &lt;Response [500]&gt;.status_code">backend/tests/test_analytics_docusign_lease.py:401: in test_payment_endpoint_creates_checkout
    assert payment_response.status_code == 200
E   assert 500 == 200
E    +  where 500 = &lt;Response [500]&gt;.status_code</failure></testcase><testcase classname="backend.tests.test_analytics_docusign_lease.TestLeaseAssignmentPaymentEndpoint" name="test_payment_returns_session_id" time="0.270"><failure message="KeyError: 'session_id'">backend/tests/test_analytics_docusign_lease.py:429: in test_payment_returns_session_id
    assert data["session_id"].startswith("cs_test_")
           ^^^^^^^^^^^^^^^^^^
E   KeyError: 'session_id'</failure></testcase><testcase classname="backend.tests.test_analytics_docusign_lease.TestLeaseAssignmentPaymentEndpoint" name="test_payment_fails_for_nonexistent_assignment" time="0.135" /></testsuite></testsuites>