<?xml version="1.0" encoding="utf-8"?><testsuites name="pytest tests"><testsuite name="pytest" errors="0" failures="3" skipped="0" tests="21" time="27.850" timestamp="2026-02-19T23:09:28.592282+00:00" hostname="agent-env-1edfc50c-894c-4e8d-a359-54290528b055"><testcase classname="tests.test_nova_features.TestNovaMemory" name="test_get_user_memory_empty" time="0.162" /><testcase classname="tests.test_nova_features.TestNovaMemory" name="test_update_preferences" time="0.370" /><testcase classname="tests.test_nova_features.TestNovaProactiveSuggestions" name="test_get_suggestions_new_user" time="0.202" /><testcase classname="tests.test_nova_features.TestNovaProactiveSuggestions" name="test_suggestions_with_preferences" time="0.313" /><testcase classname="tests.test_nova_features.TestNovaContextSummary" name="test_get_context_summary_empty" time="0.148" /><testcase classname="tests.test_nova_features.TestNovaContextSummary" name="test_get_context_with_preferences" time="0.327" /><testcase classname="tests.test_nova_features.TestNovaSavedSearch" name="test_create_saved_search" time="0.111" /><testcase classname="tests.test_nova_features.TestNovaSavedSearch" name="test_get_saved_searches" time="0.282" /><testcase classname="tests.test_nova_features.TestNovaSavedSearch" name="test_check_saved_search_matches" time="0.176" /><testcase classname="tests.test_nova_features.TestNovaSavedSearch" name="test_delete_saved_search" time="0.307" /><testcase classname="tests.test_nova_features.TestNovaVoiceTranscription" name="test_transcribe_invalid_base64" time="0.160" /><testcase classname="tests.test_nova_features.TestNovaVoiceTranscription" name="test_transcribe_empty_audio" time="6.475" /><testcase classname="tests.test_nova_features.TestNovaImageAnalysis" name="test_analyze_image_with_placeholder" time="5.072"><failure message="assert 520 in [200, 500]&#10; +  where 520 = &lt;Response [520]&gt;.status_code">tests/test_nova_features.py:274: in test_analyze_image_with_placeholder
    assert response.status_code in [200, 500]
E   assert 520 in [200, 500]
E    +  where 520 = &lt;Response [520]&gt;.status_code</failure></testcase><testcase classname="tests.test_nova_features.TestNovaImageAnalysis" name="test_analyze_image_different_types" time="5.034"><failure message="assert 520 in [200, 500]&#10; +  where 520 = &lt;Response [520]&gt;.status_code">tests/test_nova_features.py:297: in test_analyze_image_different_types
    assert response.status_code in [200, 500]
E   assert 520 in [200, 500]
E    +  where 520 = &lt;Response [520]&gt;.status_code</failure></testcase><testcase classname="tests.test_nova_features.TestNovaImageAnalysis" name="test_compare_images_minimum" time="0.158" /><testcase classname="tests.test_nova_features.TestNovaImageAnalysis" name="test_compare_images_maximum" time="0.156" /><testcase classname="tests.test_nova_features.TestPreviousFeatures" name="test_chat_endpoint" time="7.543" /><testcase classname="tests.test_nova_features.TestPreviousFeatures" name="test_moving_quote_pricing" time="0.175" /><testcase classname="tests.test_nova_features.TestPreviousFeatures" name="test_calendar_events" time="0.152" /><testcase classname="tests.test_nova_features.TestPreviousFeatures" name="test_portfolio_categories" time="0.261"><failure message="AssertionError: assert 'categories' in [{'label': 'Plumbing', 'value': 'plumbing'}, {'label': 'Electrical', 'value': 'electrical'}, {'label': 'Painting', 'value': 'painting'}, {'label': 'Renovation', 'value': 'renovation'}, {'label': 'Landscaping', 'value': 'landscaping'}, {'label': 'Roofing', 'value': 'roofing'}, ...]">tests/test_nova_features.py:363: in test_portfolio_categories
    assert "categories" in data
E   AssertionError: assert 'categories' in [{'label': 'Plumbing', 'value': 'plumbing'}, {'label': 'Electrical', 'value': 'electrical'}, {'label': 'Painting', 'value': 'painting'}, {'label': 'Renovation', 'value': 'renovation'}, {'label': 'Landscaping', 'value': 'landscaping'}, {'label': 'Roofing', 'value': 'roofing'}, ...]</failure></testcase><testcase classname="tests.test_nova_features.TestPreviousFeatures" name="test_listings_endpoint" time="0.123" /></testsuite></testsuites>