<?xml version="1.0" encoding="utf-8"?><testsuites name="pytest tests"><testsuite name="pytest" errors="0" failures="0" skipped="0" tests="20" time="7.671" timestamp="2026-03-31T06:21:26.477778+00:00" hostname="agent-env-92652f06-58b0-4a44-a590-7e0b8a799b71"><testcase classname="backend.tests.test_modular_routers.TestAuthRouter" name="test_login_success" time="0.446" /><testcase classname="backend.tests.test_modular_routers.TestAuthRouter" name="test_login_invalid_credentials" time="0.180" /><testcase classname="backend.tests.test_modular_routers.TestAuthRouter" name="test_register_duplicate_email" time="0.135" /><testcase classname="backend.tests.test_modular_routers.TestAuthRouter" name="test_resend_verification" time="0.153" /><testcase classname="backend.tests.test_modular_routers.TestListingsRouter" name="test_get_listings" time="0.212" /><testcase classname="backend.tests.test_modular_routers.TestListingsRouter" name="test_get_listings_for_map" time="0.179" /><testcase classname="backend.tests.test_modular_routers.TestListingsRouter" name="test_get_single_listing" time="1.388" /><testcase classname="backend.tests.test_modular_routers.TestListingsRouter" name="test_get_listing_not_found" time="0.198" /><testcase classname="backend.tests.test_modular_routers.TestListingsRouter" name="test_listings_filter_by_type" time="0.172" /><testcase classname="backend.tests.test_modular_routers.TestContractorsRouter" name="test_search_contractors" time="0.341" /><testcase classname="backend.tests.test_modular_routers.TestContractorsRouter" name="test_search_contractors_with_filters" time="0.178" /><testcase classname="backend.tests.test_modular_routers.TestContractorsRouter" name="test_get_contractor_leaderboard" time="0.143" /><testcase classname="backend.tests.test_modular_routers.TestContractorsRouter" name="test_get_jobs" time="0.823" /><testcase classname="backend.tests.test_modular_routers.TestContractorsRouter" name="test_get_jobs_with_category" time="0.515" /><testcase classname="backend.tests.test_modular_routers.TestWebPushRouter" name="test_get_vapid_public_key" time="0.133" /><testcase classname="backend.tests.test_modular_routers.TestWebPushRouter" name="test_subscribe_push" time="0.155" /><testcase classname="backend.tests.test_modular_routers.TestWebPushRouter" name="test_unsubscribe_push" time="0.295" /><testcase classname="backend.tests.test_modular_routers.TestMatterportViewer" name="test_listing_can_have_matterport_id" time="0.134" /><testcase classname="backend.tests.test_modular_routers.TestIntegration" name="test_login_and_access_listings" time="0.534" /><testcase classname="backend.tests.test_modular_routers.TestIntegration" name="test_full_contractor_flow" time="1.305" /></testsuite></testsuites>