<?xml version="1.0" encoding="utf-8"?><testsuites name="pytest tests"><testsuite name="pytest" errors="0" failures="0" skipped="0" tests="11" time="7.086" timestamp="2026-02-19T20:10:19.879370+00:00" hostname="agent-env-3d71ccea-24e1-4087-ae57-fd9f85e2d08d"><testcase classname="backend.tests.test_password_auth.TestPasswordHashing" name="test_api_health" time="0.198" /><testcase classname="backend.tests.test_password_auth.TestPasswordHashing" name="test_register_new_user_with_hashed_password" time="0.461" /><testcase classname="backend.tests.test_password_auth.TestPasswordHashing" name="test_login_with_correct_password" time="0.825" /><testcase classname="backend.tests.test_password_auth.TestPasswordHashing" name="test_login_with_wrong_password_returns_401" time="1.029" /><testcase classname="backend.tests.test_password_auth.TestPasswordHashing" name="test_register_duplicate_email_returns_400" time="0.619" /><testcase classname="backend.tests.test_password_auth.TestPasswordHashing" name="test_login_creates_new_user_if_not_exists" time="0.833" /><testcase classname="backend.tests.test_password_auth.TestLegacyPlaintextMigration" name="test_existing_test_users_can_login" time="1.266" /><testcase classname="backend.tests.test_password_auth.TestSecureUserCredentials" name="test_secure_user_registration_and_login" time="0.568" /><testcase classname="backend.tests.test_password_auth.TestRoleBasedAuth" name="test_renter_role_login" time="0.393" /><testcase classname="backend.tests.test_password_auth.TestRoleBasedAuth" name="test_landlord_role_login" time="0.399" /><testcase classname="backend.tests.test_password_auth.TestRoleBasedAuth" name="test_contractor_role_login" time="0.396" /></testsuite></testsuites>