<?xml version="1.0" encoding="utf-8"?><testsuites name="pytest tests"><testsuite name="pytest" errors="0" failures="0" skipped="0" tests="13" time="2.523" timestamp="2026-03-09T21:34:00.735601+00:00" hostname="agent-env-d5c87513-ce84-41d2-acfe-f614672174e5"><testcase classname="backend.tests.test_bug_fixes.TestEmailVerification" name="test_verify_email_invalid_token" time="0.183" /><testcase classname="backend.tests.test_bug_fixes.TestEmailVerification" name="test_verify_email_expired_token" time="0.162" /><testcase classname="backend.tests.test_bug_fixes.TestEmailVerification" name="test_verify_email_missing_token" time="0.164" /><testcase classname="backend.tests.test_bug_fixes.TestEmailVerification" name="test_resend_verification_invalid_email" time="0.157" /><testcase classname="backend.tests.test_bug_fixes.TestEmailVerification" name="test_resend_verification_missing_email" time="0.110" /><testcase classname="backend.tests.test_bug_fixes.TestPaymentTypes" name="test_get_payment_types_renter" time="0.108" /><testcase classname="backend.tests.test_bug_fixes.TestPaymentTypes" name="test_get_payment_types_contractor" time="0.143" /><testcase classname="backend.tests.test_bug_fixes.TestPaymentTypes" name="test_get_payment_types_landlord" time="0.113" /><testcase classname="backend.tests.test_bug_fixes.TestHomepageEndpoints" name="test_listings_for_rent" time="0.162" /><testcase classname="backend.tests.test_bug_fixes.TestHomepageEndpoints" name="test_listings_for_sale" time="0.162" /><testcase classname="backend.tests.test_bug_fixes.TestHomepageEndpoints" name="test_contractors_search" time="0.451" /><testcase classname="backend.tests.test_bug_fixes.TestLoginEndpoint" name="test_login_with_valid_credentials" time="0.392" /><testcase classname="backend.tests.test_bug_fixes.TestLoginEndpoint" name="test_login_with_invalid_credentials" time="0.150" /></testsuite></testsuites>